C:\USERS\HXY\DOCUMENTS\VISUAL STUDIO 2010\PROJECTS\GUIEEG\GUIEEG\GENERATEDFILES\QRC_GUIEEG.CPP
C:\USERS\HXY\DOCUMENTS\VISUAL STUDIO 2010\PROJECTS\GUIEEG\GUIEEG\GENERATEDFILES\RELEASE\MOC_GUIEEGUI.CPP
C:\USERS\HXY\DOCUMENTS\VISUAL STUDIO 2010\PROJECTS\GUIEEG\GUIEEG\GENERATEDFILES\UI_GUIEEG.H
C:\USERS\HXY\DOCUMENTS\VISUAL STUDIO 2010\PROJECTS\GUIEEG\GUIEEG\RELEASE\DIGITALCLOCK.OBJ
C:\USERS\HXY\DOCUMENTS\VISUAL STUDIO 2010\PROJECTS\GUIEEG\GUIEEG\RELEASE\EEGLOGGER.OBJ
C:\USERS\HXY\DOCUMENTS\VISUAL STUDIO 2010\PROJECTS\GUIEEG\GUIEEG\RELEASE\GUIEEG.EXE.INTERMEDIATE.MANIFEST
C:\USERS\HXY\DOCUMENTS\VISUAL STUDIO 2010\PROJECTS\GUIEEG\GUIEEG\RELEASE\GUIEEGUI.OBJ
C:\USERS\HXY\DOCUMENTS\VISUAL STUDIO 2010\PROJECTS\GUIEEG\GUIEEG\RELEASE\MAIN.OBJ
C:\USERS\HXY\DOCUMENTS\VISUAL STUDIO 2010\PROJECTS\GUIEEG\GUIEEG\RELEASE\MOC_GUIEEGUI.OBJ
C:\USERS\HXY\DOCUMENTS\VISUAL STUDIO 2010\PROJECTS\GUIEEG\GUIEEG\RELEASE\QRC_GUIEEG.OBJ
C:\USERS\HXY\DOCUMENTS\VISUAL STUDIO 2010\PROJECTS\GUIEEG\GUIEEG\RELEASE\THEDATETIME.OBJ
C:\USERS\HXY\DOCUMENTS\VISUAL STUDIO 2010\PROJECTS\GUIEEG\WIN32\RELEASE\GUIEEG.EXE
E:\00_hxyWorkSpace\02_EEG\2.08_QT_EEG\guiEEG-recorder-v1.0-good\guiEEG\Release\cl.command.1.tlog
E:\00_hxyWorkSpace\02_EEG\2.08_QT_EEG\guiEEG-recorder-v1.0-good\guiEEG\Release\CL.read.1.tlog
E:\00_hxyWorkSpace\02_EEG\2.08_QT_EEG\guiEEG-recorder-v1.0-good\guiEEG\Release\CL.write.1.tlog
E:\00_hxyWorkSpace\02_EEG\2.08_QT_EEG\guiEEG-recorder-v1.0-good\guiEEG\Release\custombuild.command.1.tlog
E:\00_hxyWorkSpace\02_EEG\2.08_QT_EEG\guiEEG-recorder-v1.0-good\guiEEG\Release\custombuild.read.1.tlog
E:\00_hxyWorkSpace\02_EEG\2.08_QT_EEG\guiEEG-recorder-v1.0-good\guiEEG\Release\custombuild.write.1.tlog
E:\00_hxyWorkSpace\02_EEG\2.08_QT_EEG\guiEEG-recorder-v1.0-good\guiEEG\Release\DigitalClock.obj
E:\00_hxyWorkSpace\02_EEG\2.08_QT_EEG\guiEEG-recorder-v1.0-good\guiEEG\Release\eeglogger.obj
E:\00_hxyWorkSpace\02_EEG\2.08_QT_EEG\guiEEG-recorder-v1.0-good\guiEEG\Release\guiEEG.exe.intermediate.manifest
E:\00_hxyWorkSpace\02_EEG\2.08_QT_EEG\guiEEG-recorder-v1.0-good\guiEEG\Release\guiEEG.write.1.tlog
E:\00_hxyWorkSpace\02_EEG\2.08_QT_EEG\guiEEG-recorder-v1.0-good\guiEEG\Release\guieegUI.obj
E:\00_hxyWorkSpace\02_EEG\2.08_QT_EEG\guiEEG-recorder-v1.0-good\guiEEG\Release\link.command.1.tlog
E:\00_hxyWorkSpace\02_EEG\2.08_QT_EEG\guiEEG-recorder-v1.0-good\guiEEG\Release\link.read.1.tlog
E:\00_hxyWorkSpace\02_EEG\2.08_QT_EEG\guiEEG-recorder-v1.0-good\guiEEG\Release\link.write.1.tlog
E:\00_hxyWorkSpace\02_EEG\2.08_QT_EEG\guiEEG-recorder-v1.0-good\guiEEG\Release\main.obj
E:\00_hxyWorkSpace\02_EEG\2.08_QT_EEG\guiEEG-recorder-v1.0-good\guiEEG\Release\moc_guieegUI.obj
E:\00_hxyWorkSpace\02_EEG\2.08_QT_EEG\guiEEG-recorder-v1.0-good\guiEEG\Release\mt.command.1.tlog
E:\00_hxyWorkSpace\02_EEG\2.08_QT_EEG\guiEEG-recorder-v1.0-good\guiEEG\Release\mt.read.1.tlog
E:\00_hxyWorkSpace\02_EEG\2.08_QT_EEG\guiEEG-recorder-v1.0-good\guiEEG\Release\mt.write.1.tlog
E:\00_hxyWorkSpace\02_EEG\2.08_QT_EEG\guiEEG-recorder-v1.0-good\guiEEG\Release\qrc_guieeg.obj
E:\00_hxyWorkSpace\02_EEG\2.08_QT_EEG\guiEEG-recorder-v1.0-good\guiEEG\Release\theDateTime.obj
E:\00_hxyWorkSpace\02_EEG\2.08_QT_EEG\guiEEG-recorder-v1.0-good\Win32\Release\guiEEG.exe
